2019-07-22 11:09:50,063 INFO [org.springframework.test.context.support.DefaultTestContextBootstrapper] - Loaded default TestExecutionListener class names from location [META-INF/spring.factories]: [org.springframework.test.context.web.ServletTestExecutionListener, org.springframework.test.context.support.DirtiesContextBeforeModesTestExecutionListener, org.springframework.test.context.support.DependencyInjectionTestExecutionListener, org.springframework.test.context.support.DirtiesContextTestExecutionListener, org.springframework.test.context.transaction.TransactionalTestExecutionListener, org.springframework.test.context.jdbc.SqlScriptsTestExecutionListener]
2019-07-22 11:09:50,122 INFO [org.springframework.test.context.support.DefaultTestContextBootstrapper] - Using TestExecutionListeners: [org.springframework.test.context.web.ServletTestExecutionListener@59f99ea, org.springframework.test.context.support.DirtiesContextBeforeModesTestExecutionListener@27efef64, org.springframework.test.context.support.DependencyInjectionTestExecutionListener@6f7fd0e6, org.springframework.test.context.support.DirtiesContextTestExecutionListener@47c62251, org.springframework.test.context.transaction.TransactionalTestExecutionListener@3e6fa38a, org.springframework.test.context.jdbc.SqlScriptsTestExecutionListener@66a3ffec]
2019-07-22 11:09:50,247 INFO [org.springframework.beans.factory.xml.XmlBeanDefinitionReader] - Loading XML bean definitions from class path resource [spring-context.xml]
2019-07-22 11:09:50,560 INFO [org.springframework.beans.factory.xml.XmlBeanDefinitionReader] - Loading XML bean definitions from class path resource [spring-context-druid.xml]
2019-07-22 11:09:50,583 INFO [org.springframework.beans.factory.xml.XmlBeanDefinitionReader] - Loading XML bean definitions from class path resource [spring-context-mybatis.xml]
2019-07-22 11:09:50,593 INFO [org.springframework.context.support.GenericApplicationContext] - Refreshing org.springframework.context.support.GenericApplicationContext@5ec0a365: startup date [Mon Jul 22 11:09:50 CST 2019]; root of context hierarchy
2019-07-22 11:09:51,371 INFO [com.alibaba.druid.pool.DruidDataSource] - {dataSource-1} inited
2019-07-22 11:09:51,739 INFO [org.springframework.beans.factory.xml.XmlBeanDefinitionReader] - Loading XML bean definitions from class path resource [org/springframework/jdbc/support/sql-error-codes.xml]
2019-07-22 11:09:51,758 INFO [org.springframework.jdbc.support.SQLErrorCodesFactory] - SQLErrorCodes loaded: [DB2, Derby, H2, HDB, HSQL, Informix, MS-SQL, MySQL, Oracle, PostgreSQL, Sybase]
2019-07-22 11:09:51,768 INFO [org.springframework.context.support.GenericApplicationContext] - Closing org.springframework.context.support.GenericApplicationContext@5ec0a365: startup date [Mon Jul 22 11:09:50 CST 2019]; root of context hierarchy
2019-07-22 11:09:51,771 INFO [com.alibaba.druid.pool.DruidDataSource] - {dataSource-1} closed
2019-07-22 11:12:00,835 INFO [org.springframework.test.context.support.DefaultTestContextBootstrapper] - Loaded default TestExecutionListener class names from location [META-INF/spring.factories]: [org.springframework.test.context.web.ServletTestExecutionListener, org.springframework.test.context.support.DirtiesContextBeforeModesTestExecutionListener, org.springframework.test.context.support.DependencyInjectionTestExecutionListener, org.springframework.test.context.support.DirtiesContextTestExecutionListener, org.springframework.test.context.transaction.TransactionalTestExecutionListener, org.springframework.test.context.jdbc.SqlScriptsTestExecutionListener]
2019-07-22 11:12:00,849 INFO [org.springframework.test.context.support.DefaultTestContextBootstrapper] - Using TestExecutionListeners: [org.springframework.test.context.web.ServletTestExecutionListener@47c62251, org.springframework.test.context.support.DirtiesContextBeforeModesTestExecutionListener@3e6fa38a, org.springframework.test.context.support.DependencyInjectionTestExecutionListener@66a3ffec, org.springframework.test.context.support.DirtiesContextTestExecutionListener@77caeb3e, org.springframework.test.context.transaction.TransactionalTestExecutionListener@1e88b3c, org.springframework.test.context.jdbc.SqlScriptsTestExecutionListener@42d80b78]
2019-07-22 11:12:00,904 INFO [org.springframework.beans.factory.xml.XmlBeanDefinitionReader] - Loading XML bean definitions from class path resource [spring-context.xml]
2019-07-22 11:12:01,032 INFO [org.springframework.beans.factory.xml.XmlBeanDefinitionReader] - Loading XML bean definitions from class path resource [spring-context-druid.xml]
2019-07-22 11:12:01,054 INFO [org.springframework.beans.factory.xml.XmlBeanDefinitionReader] - Loading XML bean definitions from class path resource [spring-context-mybatis.xml]
2019-07-22 11:12:01,067 INFO [org.springframework.context.support.GenericApplicationContext] - Refreshing org.springframework.context.support.GenericApplicationContext@2ac273d3: startup date [Mon Jul 22 11:12:01 CST 2019]; root of context hierarchy
2019-07-22 11:12:01,516 INFO [com.alibaba.druid.pool.DruidDataSource] - {dataSource-1} inited
2019-07-22 11:12:01,839 INFO [org.springframework.context.support.GenericApplicationContext] - Closing org.springframework.context.support.GenericApplicationContext@2ac273d3: startup date [Mon Jul 22 11:12:01 CST 2019]; root of context hierarchy
2019-07-22 11:12:01,842 INFO [com.alibaba.druid.pool.DruidDataSource] - {dataSource-1} closed
2019-07-22 12:14:59,990 INFO [org.springframework.test.context.support.DefaultTestContextBootstrapper] - Loaded default TestExecutionListener class names from location [META-INF/spring.factories]: [org.springframework.test.context.web.ServletTestExecutionListener, org.springframework.test.context.support.DirtiesContextBeforeModesTestExecutionListener, org.springframework.test.context.support.DependencyInjectionTestExecutionListener, org.springframework.test.context.support.DirtiesContextTestExecutionListener, org.springframework.test.context.transaction.TransactionalTestExecutionListener, org.springframework.test.context.jdbc.SqlScriptsTestExecutionListener]
2019-07-22 12:15:00,003 INFO [org.springframework.test.context.support.DefaultTestContextBootstrapper] - Using TestExecutionListeners: [org.springframework.test.context.web.ServletTestExecutionListener@47c62251, org.springframework.test.context.support.DirtiesContextBeforeModesTestExecutionListener@3e6fa38a, org.springframework.test.context.support.DependencyInjectionTestExecutionListener@66a3ffec, org.springframework.test.context.support.DirtiesContextTestExecutionListener@77caeb3e, org.springframework.test.context.transaction.TransactionalTestExecutionListener@1e88b3c, org.springframework.test.context.jdbc.SqlScriptsTestExecutionListener@42d80b78]
2019-07-22 12:15:00,066 INFO [org.springframework.beans.factory.xml.XmlBeanDefinitionReader] - Loading XML bean definitions from class path resource [spring-context.xml]
2019-07-22 12:15:00,218 INFO [org.springframework.beans.factory.xml.XmlBeanDefinitionReader] - Loading XML bean definitions from class path resource [spring-context-druid.xml]
2019-07-22 12:15:00,244 INFO [org.springframework.beans.factory.xml.XmlBeanDefinitionReader] - Loading XML bean definitions from class path resource [spring-context-mybatis.xml]
2019-07-22 12:15:00,260 INFO [org.springframework.context.support.GenericApplicationContext] - Refreshing org.springframework.context.support.GenericApplicationContext@2ac273d3: startup date [Mon Jul 22 12:15:00 CST 2019]; root of context hierarchy
2019-07-22 12:15:00,759 INFO [com.alibaba.druid.pool.DruidDataSource] - {dataSource-1} inited
2019-07-22 12:15:01,144 INFO [org.springframework.context.support.GenericApplicationContext] - Closing org.springframework.context.support.GenericApplicationContext@2ac273d3: startup date [Mon Jul 22 12:15:00 CST 2019]; root of context hierarchy
2019-07-22 12:15:01,147 INFO [com.alibaba.druid.pool.DruidDataSource] - {dataSource-1} closed
